[02 Dez 2015 04:24:51] Building database metadata model
[02 Dez 2015 04:24:51] Properties: {partialRefresh=false, processColumnsUsingSelect=, includePrimaryKeys=true, eventSocketClient=com.webratio.commons.net.EventSocketClient@89c411, includeTables=true, username=root, outputLogPath=C:\WebRatio\WebRatio Community Platform 7.2.10\workspace\PostoSelvagem\.Temp~\DB.xml.log, readIndexes=null, driverClass=com.mysql.jdbc.Driver, includeSynonyms=true, metaDataProviderClass=com.webratio.commons.db.metadata.MySQLMetaDataProvider, outputPath=C:\WebRatio\WebRatio Community Platform 7.2.10\workspace\PostoSelvagem\.Temp~\DB.xml, schemaRegex=null, readProcedures=null, includeViews=true, derby.system.home=C:\WebRatio\WebRatio Community Platform 7.2.10\workspace\.metadata\.plugins\com.webratio.commons.db\derby, url=jdbc:mysql://localhost:3306/ifml_posto, tableRegex=null, readSQLDefinitions=true, includeForeignKeys=false, retrieveAllNames=false, tablesToRefresh=, eventSocketPort=53840}
[02 Dez 2015 04:24:51] URL: jdbc:mysql://localhost:3306/ifml_posto
[02 Dez 2015 04:24:51] Product name: MySQL
[02 Dez 2015 04:24:51] Product version: 5.7.9-log
[02 Dez 2015 04:24:51] Driver name: MySQL Connector Java
[02 Dez 2015 04:24:51] Driver version: mysql-connector-java-5.1.37 ( Revision: 09940f05b4c98150f352e787a2549f11a2e9da93 )
[02 Dez 2015 04:24:51] Driver major version: 5
[02 Dez 2015 04:24:51] Driver minor version: 1
[02 Dez 2015 04:24:51] Identifier quote string: 1
[02 Dez 2015 04:24:51] Retrieving schemas
[02 Dez 2015 04:24:51] Retrieving [TABLE, VIEW, SYNONYM] for schema ''
[02 Dez 2015 04:24:51]   Found 'boleto' [type = TABLE]
[02 Dez 2015 04:24:51]   Found 'cliente' [type = TABLE]
[02 Dez 2015 04:24:51]   Found 'combustivel' [type = TABLE]
[02 Dez 2015 04:24:51]   Found 'compra' [type = TABLE]
[02 Dez 2015 04:24:51]   Found 'contasapagar' [type = TABLE]
[02 Dez 2015 04:24:51]   Found 'contasareceber' [type = TABLE]
[02 Dez 2015 04:24:51]   Found 'fornecedor' [type = TABLE]
[02 Dez 2015 04:24:51]   Found 'funcionario' [type = TABLE]
[02 Dez 2015 04:24:51]   Found 'group' [type = TABLE]
[02 Dez 2015 04:24:51]   Found 'group_module' [type = TABLE]
[02 Dez 2015 04:24:51]   Found 'itenscompra' [type = TABLE]
[02 Dez 2015 04:24:51]   Found 'itensvenda' [type = TABLE]
[02 Dez 2015 04:24:51]   Found 'module' [type = TABLE]
[02 Dez 2015 04:24:51]   Found 'notafiscal' [type = TABLE]
[02 Dez 2015 04:24:51]   Found 'pessoa' [type = TABLE]
[02 Dez 2015 04:24:51]   Found 'pessoafisica' [type = TABLE]
[02 Dez 2015 04:24:51]   Found 'pessoajuridica' [type = TABLE]
[02 Dez 2015 04:24:51]   Found 'tanque' [type = TABLE]
[02 Dez 2015 04:24:51]   Found 'user' [type = TABLE]
[02 Dez 2015 04:24:51]   Found 'user_group' [type = TABLE]
[02 Dez 2015 04:24:51]   Found 'venda' [type = TABLE]
[02 Dez 2015 04:24:51] Retrieving columns for 'boleto' [type = TABLE]
[02 Dez 2015 04:24:51]   Found column: oid [type = INT][SQL/XOPEN type = 4][size = 10][dec. digits = 0]
[02 Dez 2015 04:24:51]   Found column: contasareceber_oid [type = INT][SQL/XOPEN type = 4][size = 10][dec. digits = 0]
[02 Dez 2015 04:24:51] Retrieving primary keys for 'boleto' [type = TABLE]
[02 Dez 2015 04:24:51]   Found primary key column: oid
[02 Dez 2015 04:24:51] Retrieving columns for 'cliente' [type = TABLE]
[02 Dez 2015 04:24:51]   Found column: oid [type = INT][SQL/XOPEN type = 4][size = 10][dec. digits = 0]
[02 Dez 2015 04:24:51]   Found column: dataultimovalelavag [type = DATE][SQL/XOPEN type = 91][size = 10][dec. digits = 0]
[02 Dez 2015 04:24:51]   Found column: pessoafisica_codpessoa [type = INT][SQL/XOPEN type = 4][size = 10][dec. digits = 0]
[02 Dez 2015 04:24:51]   Found column: pessoajuridica_codpessoa [type = INT][SQL/XOPEN type = 4][size = 10][dec. digits = 0]
[02 Dez 2015 04:24:51] Retrieving primary keys for 'cliente' [type = TABLE]
[02 Dez 2015 04:24:51]   Found primary key column: oid
[02 Dez 2015 04:24:51] Retrieving columns for 'combustivel' [type = TABLE]
[02 Dez 2015 04:24:51]   Found column: oid [type = INT][SQL/XOPEN type = 4][size = 10][dec. digits = 0]
[02 Dez 2015 04:24:51]   Found column: nome [type = VARCHAR][SQL/XOPEN type = 12][size = 255][dec. digits = 0]
[02 Dez 2015 04:24:51] Retrieving primary keys for 'combustivel' [type = TABLE]
[02 Dez 2015 04:24:51]   Found primary key column: oid
[02 Dez 2015 04:24:51] Retrieving columns for 'compra' [type = TABLE]
[02 Dez 2015 04:24:51]   Found column: oid [type = INT][SQL/XOPEN type = 4][size = 10][dec. digits = 0]
[02 Dez 2015 04:24:51]   Found column: valortotal [type = DOUBLE][SQL/XOPEN type = 8][size = 22][dec. digits = 0]
[02 Dez 2015 04:24:51]   Found column: data [type = DATE][SQL/XOPEN type = 91][size = 10][dec. digits = 0]
[02 Dez 2015 04:24:51]   Found column: fornecedor_oid [type = INT][SQL/XOPEN type = 4][size = 10][dec. digits = 0]
[02 Dez 2015 04:24:51] Retrieving primary keys for 'compra' [type = TABLE]
[02 Dez 2015 04:24:51]   Found primary key column: oid
[02 Dez 2015 04:24:51] Retrieving columns for 'contasapagar' [type = TABLE]
[02 Dez 2015 04:24:51]   Found column: oid [type = INT][SQL/XOPEN type = 4][size = 10][dec. digits = 0]
[02 Dez 2015 04:24:51]   Found column: desconto [type = DOUBLE][SQL/XOPEN type = 8][size = 22][dec. digits = 0]
[02 Dez 2015 04:24:51]   Found column: juros [type = DOUBLE][SQL/XOPEN type = 8][size = 22][dec. digits = 0]
[02 Dez 2015 04:24:51]   Found column: datavencimento [type = DATE][SQL/XOPEN type = 91][size = 10][dec. digits = 0]
[02 Dez 2015 04:24:51]   Found column: compra_oid [type = INT][SQL/XOPEN type = 4][size = 10][dec. digits = 0]
[02 Dez 2015 04:24:51] Retrieving primary keys for 'contasapagar' [type = TABLE]
[02 Dez 2015 04:24:51]   Found primary key column: oid
[02 Dez 2015 04:24:51] Retrieving columns for 'contasareceber' [type = TABLE]
[02 Dez 2015 04:24:51]   Found column: oid [type = INT][SQL/XOPEN type = 4][size = 10][dec. digits = 0]
[02 Dez 2015 04:24:51]   Found column: datapagamento [type = DATE][SQL/XOPEN type = 91][size = 10][dec. digits = 0]
[02 Dez 2015 04:24:51]   Found column: desconto [type = DOUBLE][SQL/XOPEN type = 8][size = 22][dec. digits = 0]
[02 Dez 2015 04:24:51]   Found column: juros [type = DOUBLE][SQL/XOPEN type = 8][size = 22][dec. digits = 0]
[02 Dez 2015 04:24:51]   Found column: datavencimento [type = DATE][SQL/XOPEN type = 91][size = 10][dec. digits = 0]
[02 Dez 2015 04:24:51]   Found column: venda_oid [type = INT][SQL/XOPEN type = 4][size = 10][dec. digits = 0]
[02 Dez 2015 04:24:51] Retrieving primary keys for 'contasareceber' [type = TABLE]
[02 Dez 2015 04:24:51]   Found primary key column: oid
[02 Dez 2015 04:24:51] Retrieving columns for 'fornecedor' [type = TABLE]
[02 Dez 2015 04:24:51]   Found column: oid [type = INT][SQL/XOPEN type = 4][size = 10][dec. digits = 0]
[02 Dez 2015 04:24:51]   Found column: pessoajuridica_codpessoa [type = INT][SQL/XOPEN type = 4][size = 10][dec. digits = 0]
[02 Dez 2015 04:24:51] Retrieving primary keys for 'fornecedor' [type = TABLE]
[02 Dez 2015 04:24:51]   Found primary key column: oid
[02 Dez 2015 04:24:51] Retrieving columns for 'funcionario' [type = TABLE]
[02 Dez 2015 04:24:51]   Found column: pessoafisica_codpessoa [type = INT][SQL/XOPEN type = 4][size = 10][dec. digits = 0]
[02 Dez 2015 04:24:51]   Found column: cargo [type = VARCHAR][SQL/XOPEN type = 12][size = 255][dec. digits = 0]
[02 Dez 2015 04:24:51]   Found column: salario [type = DOUBLE][SQL/XOPEN type = 8][size = 22][dec. digits = 0]
[02 Dez 2015 04:24:51]   Found column: dataadmi [type = DATE][SQL/XOPEN type = 91][size = 10][dec. digits = 0]
[02 Dez 2015 04:24:51]   Found column: adicional [type = BIT][SQL/XOPEN type = -7][size = 1][dec. digits = 0]
[02 Dez 2015 04:24:51]   Found column: user_oid [type = INT][SQL/XOPEN type = 4][size = 10][dec. digits = 0]
[02 Dez 2015 04:24:51] Retrieving primary keys for 'funcionario' [type = TABLE]
[02 Dez 2015 04:24:51]   Found primary key column: pessoafisica_codpessoa
[02 Dez 2015 04:24:51] Retrieving columns for 'group' [type = TABLE]
[02 Dez 2015 04:24:51]   Found column: oid [type = INT][SQL/XOPEN type = 4][size = 10][dec. digits = 0]
[02 Dez 2015 04:24:51]   Found column: groupname [type = VARCHAR][SQL/XOPEN type = 12][size = 255][dec. digits = 0]
[02 Dez 2015 04:24:51]   Found column: module_oid [type = INT][SQL/XOPEN type = 4][size = 10][dec. digits = 0]
[02 Dez 2015 04:24:51] Retrieving primary keys for 'group' [type = TABLE]
[02 Dez 2015 04:24:51]   Found primary key column: oid
[02 Dez 2015 04:24:51] Retrieving columns for 'group_module' [type = TABLE]
[02 Dez 2015 04:24:51]   Found column: group_oid [type = INT][SQL/XOPEN type = 4][size = 10][dec. digits = 0]
[02 Dez 2015 04:24:51]   Found column: module_oid [type = INT][SQL/XOPEN type = 4][size = 10][dec. digits = 0]
[02 Dez 2015 04:24:51] Retrieving primary keys for 'group_module' [type = TABLE]
[02 Dez 2015 04:24:51]   Found primary key column: group_oid
[02 Dez 2015 04:24:51]   Found primary key column: module_oid
[02 Dez 2015 04:24:51] Retrieving columns for 'itenscompra' [type = TABLE]
[02 Dez 2015 04:24:51]   Found column: oid [type = INT][SQL/XOPEN type = 4][size = 10][dec. digits = 0]
[02 Dez 2015 04:24:51]   Found column: quantidade [type = DOUBLE][SQL/XOPEN type = 8][size = 22][dec. digits = 0]
[02 Dez 2015 04:24:51]   Found column: combustivel_oid [type = INT][SQL/XOPEN type = 4][size = 10][dec. digits = 0]
[02 Dez 2015 04:24:51]   Found column: compra_oid [type = INT][SQL/XOPEN type = 4][size = 10][dec. digits = 0]
[02 Dez 2015 04:24:51] Retrieving primary keys for 'itenscompra' [type = TABLE]
[02 Dez 2015 04:24:51]   Found primary key column: oid
[02 Dez 2015 04:24:51] Retrieving columns for 'itensvenda' [type = TABLE]
[02 Dez 2015 04:24:51]   Found column: oid [type = INT][SQL/XOPEN type = 4][size = 10][dec. digits = 0]
[02 Dez 2015 04:24:51]   Found column: quantidade [type = DOUBLE][SQL/XOPEN type = 8][size = 22][dec. digits = 0]
[02 Dez 2015 04:24:51]   Found column: venda_oid [type = INT][SQL/XOPEN type = 4][size = 10][dec. digits = 0]
[02 Dez 2015 04:24:51]   Found column: combustivel_oid [type = INT][SQL/XOPEN type = 4][size = 10][dec. digits = 0]
[02 Dez 2015 04:24:51] Retrieving primary keys for 'itensvenda' [type = TABLE]
[02 Dez 2015 04:24:51]   Found primary key column: oid
[02 Dez 2015 04:24:51] Retrieving columns for 'module' [type = TABLE]
[02 Dez 2015 04:24:51]   Found column: oid [type = INT][SQL/XOPEN type = 4][size = 10][dec. digits = 0]
[02 Dez 2015 04:24:51]   Found column: moduleid [type = VARCHAR][SQL/XOPEN type = 12][size = 255][dec. digits = 0]
[02 Dez 2015 04:24:51]   Found column: modulename [type = VARCHAR][SQL/XOPEN type = 12][size = 255][dec. digits = 0]
[02 Dez 2015 04:24:51] Retrieving primary keys for 'module' [type = TABLE]
[02 Dez 2015 04:24:51]   Found primary key column: oid
[02 Dez 2015 04:24:51] Retrieving columns for 'notafiscal' [type = TABLE]
[02 Dez 2015 04:24:51]   Found column: oid [type = INT][SQL/XOPEN type = 4][size = 10][dec. digits = 0]
[02 Dez 2015 04:24:51]   Found column: impostos [type = DOUBLE][SQL/XOPEN type = 8][size = 22][dec. digits = 0]
[02 Dez 2015 04:24:51]   Found column: venda_oid [type = INT][SQL/XOPEN type = 4][size = 10][dec. digits = 0]
[02 Dez 2015 04:24:51] Retrieving primary keys for 'notafiscal' [type = TABLE]
[02 Dez 2015 04:24:51]   Found primary key column: oid
[02 Dez 2015 04:24:51] Retrieving columns for 'pessoa' [type = TABLE]
[02 Dez 2015 04:24:51]   Found column: nome [type = VARCHAR][SQL/XOPEN type = 12][size = 255][dec. digits = 0]
[02 Dez 2015 04:24:51]   Found column: telefone [type = VARCHAR][SQL/XOPEN type = 12][size = 255][dec. digits = 0]
[02 Dez 2015 04:24:51]   Found column: endereco [type = VARCHAR][SQL/XOPEN type = 12][size = 255][dec. digits = 0]
[02 Dez 2015 04:24:51]   Found column: codpessoa [type = INT][SQL/XOPEN type = 4][size = 10][dec. digits = 0]
[02 Dez 2015 04:24:51] Retrieving primary keys for 'pessoa' [type = TABLE]
[02 Dez 2015 04:24:51]   Found primary key column: codpessoa
[02 Dez 2015 04:24:51] Retrieving columns for 'pessoafisica' [type = TABLE]
[02 Dez 2015 04:24:51]   Found column: pessoa_codpessoa [type = INT][SQL/XOPEN type = 4][size = 10][dec. digits = 0]
[02 Dez 2015 04:24:51]   Found column: rg [type = INT][SQL/XOPEN type = 4][size = 10][dec. digits = 0]
[02 Dez 2015 04:24:51]   Found column: datanasc [type = DATE][SQL/XOPEN type = 91][size = 10][dec. digits = 0]
[02 Dez 2015 04:24:51]   Found column: cpf [type = INT][SQL/XOPEN type = 4][size = 10][dec. digits = 0]
[02 Dez 2015 04:24:51] Retrieving primary keys for 'pessoafisica' [type = TABLE]
[02 Dez 2015 04:24:51]   Found primary key column: pessoa_codpessoa
[02 Dez 2015 04:24:51] Retrieving columns for 'pessoajuridica' [type = TABLE]
[02 Dez 2015 04:24:51]   Found column: pessoa_codpessoa [type = INT][SQL/XOPEN type = 4][size = 10][dec. digits = 0]
[02 Dez 2015 04:24:51]   Found column: cnpj [type = INT][SQL/XOPEN type = 4][size = 10][dec. digits = 0]
[02 Dez 2015 04:24:51]   Found column: razaosocial [type = VARCHAR][SQL/XOPEN type = 12][size = 255][dec. digits = 0]
[02 Dez 2015 04:24:51]   Found column: inscriest [type = INT][SQL/XOPEN type = 4][size = 10][dec. digits = 0]
[02 Dez 2015 04:24:51] Retrieving primary keys for 'pessoajuridica' [type = TABLE]
[02 Dez 2015 04:24:51]   Found primary key column: pessoa_codpessoa
[02 Dez 2015 04:24:51] Retrieving columns for 'tanque' [type = TABLE]
[02 Dez 2015 04:24:51]   Found column: oid [type = INT][SQL/XOPEN type = 4][size = 10][dec. digits = 0]
[02 Dez 2015 04:24:51]   Found column: qtdnivel [type = DOUBLE][SQL/XOPEN type = 8][size = 22][dec. digits = 0]
[02 Dez 2015 04:24:51]   Found column: qtdmaximo [type = DOUBLE][SQL/XOPEN type = 8][size = 22][dec. digits = 0]
[02 Dez 2015 04:24:51]   Found column: combustivel_oid [type = INT][SQL/XOPEN type = 4][size = 10][dec. digits = 0]
[02 Dez 2015 04:24:51] Retrieving primary keys for 'tanque' [type = TABLE]
[02 Dez 2015 04:24:51]   Found primary key column: oid
[02 Dez 2015 04:24:51] Retrieving columns for 'user' [type = TABLE]
[02 Dez 2015 04:24:51]   Found column: oid [type = INT][SQL/XOPEN type = 4][size = 10][dec. digits = 0]
[02 Dez 2015 04:24:51]   Found column: username [type = VARCHAR][SQL/XOPEN type = 12][size = 255][dec. digits = 0]
[02 Dez 2015 04:24:51]   Found column: password [type = VARCHAR][SQL/XOPEN type = 12][size = 255][dec. digits = 0]
[02 Dez 2015 04:24:51]   Found column: email [type = VARCHAR][SQL/XOPEN type = 12][size = 255][dec. digits = 0]
[02 Dez 2015 04:24:51]   Found column: group_oid [type = INT][SQL/XOPEN type = 4][size = 10][dec. digits = 0]
[02 Dez 2015 04:24:51] Retrieving primary keys for 'user' [type = TABLE]
[02 Dez 2015 04:24:51]   Found primary key column: oid
[02 Dez 2015 04:24:51] Retrieving columns for 'user_group' [type = TABLE]
[02 Dez 2015 04:24:51]   Found column: user_oid [type = INT][SQL/XOPEN type = 4][size = 10][dec. digits = 0]
[02 Dez 2015 04:24:51]   Found column: group_oid [type = INT][SQL/XOPEN type = 4][size = 10][dec. digits = 0]
[02 Dez 2015 04:24:51] Retrieving primary keys for 'user_group' [type = TABLE]
[02 Dez 2015 04:24:51]   Found primary key column: user_oid
[02 Dez 2015 04:24:51]   Found primary key column: group_oid
[02 Dez 2015 04:24:51] Retrieving columns for 'venda' [type = TABLE]
[02 Dez 2015 04:24:51]   Found column: oid [type = INT][SQL/XOPEN type = 4][size = 10][dec. digits = 0]
[02 Dez 2015 04:24:51]   Found column: data [type = DATE][SQL/XOPEN type = 91][size = 10][dec. digits = 0]
[02 Dez 2015 04:24:51]   Found column: valortotal [type = DOUBLE][SQL/XOPEN type = 8][size = 22][dec. digits = 0]
[02 Dez 2015 04:24:51]   Found column: placaveiculo [type = VARCHAR][SQL/XOPEN type = 12][size = 255][dec. digits = 0]
[02 Dez 2015 04:24:51]   Found column: funcionario_codpessoa [type = INT][SQL/XOPEN type = 4][size = 10][dec. digits = 0]
[02 Dez 2015 04:24:51]   Found column: cliente_oid [type = INT][SQL/XOPEN type = 4][size = 10][dec. digits = 0]
[02 Dez 2015 04:24:51] Retrieving primary keys for 'venda' [type = TABLE]
[02 Dez 2015 04:24:51]   Found primary key column: oid
[02 Dez 2015 04:24:51] Retrieving auto-increment columns for 'boleto' [type = TABLE]
[02 Dez 2015 04:24:51] Retrieving auto-increment columns for 'cliente' [type = TABLE]
[02 Dez 2015 04:24:51] Retrieving auto-increment columns for 'combustivel' [type = TABLE]
[02 Dez 2015 04:24:51] Retrieving auto-increment columns for 'compra' [type = TABLE]
[02 Dez 2015 04:24:51] Retrieving auto-increment columns for 'contasapagar' [type = TABLE]
[02 Dez 2015 04:24:51] Retrieving auto-increment columns for 'contasareceber' [type = TABLE]
[02 Dez 2015 04:24:51] Retrieving auto-increment columns for 'fornecedor' [type = TABLE]
[02 Dez 2015 04:24:51] Retrieving auto-increment columns for 'funcionario' [type = TABLE]
[02 Dez 2015 04:24:51] Retrieving auto-increment columns for 'group' [type = TABLE]
[02 Dez 2015 04:24:51] Retrieving auto-increment columns for 'group_module' [type = TABLE]
[02 Dez 2015 04:24:51] Retrieving auto-increment columns for 'itenscompra' [type = TABLE]
[02 Dez 2015 04:24:51] Retrieving auto-increment columns for 'itensvenda' [type = TABLE]
[02 Dez 2015 04:24:51] Retrieving auto-increment columns for 'module' [type = TABLE]
[02 Dez 2015 04:24:51] Retrieving auto-increment columns for 'notafiscal' [type = TABLE]
[02 Dez 2015 04:24:51] Retrieving auto-increment columns for 'pessoa' [type = TABLE]
[02 Dez 2015 04:24:51] Retrieving auto-increment columns for 'pessoafisica' [type = TABLE]
[02 Dez 2015 04:24:51] Retrieving auto-increment columns for 'pessoajuridica' [type = TABLE]
[02 Dez 2015 04:24:51] Retrieving auto-increment columns for 'tanque' [type = TABLE]
[02 Dez 2015 04:24:51] Retrieving auto-increment columns for 'user' [type = TABLE]
[02 Dez 2015 04:24:51] Retrieving auto-increment columns for 'user_group' [type = TABLE]
[02 Dez 2015 04:24:51] Retrieving auto-increment columns for 'venda' [type = TABLE]
[02 Dez 2015 04:24:52] Database connection closed
